# JRE version: Java(TM) SE Runtime Environment (7.0_71-b14) (build 1.7.0_71-b14)
# Java VM: Java HotSpot(TM) 64-Bit Server VM (24.71-b01 mixed mode linux-amd64 compressed oops)
Heap
 PSYoungGen      total 31744K, used 25349K [0x00000007acd00000, 0x00000007aef00000, 0x0000000800000000)
  eden space 29696K, 78% used [0x00000007acd00000,0x00000007ae3c50e0,0x00000007aea00000)
  from space 2048K, 99% used [0x00000007aea00000,0x00000007aebfc690,0x00000007aec00000)
  to   space 2560K, 0% used [0x00000007aec80000,0x00000007aec80000,0x00000007aef00000)
 ParOldGen       total 169984K, used 26907K [0x0000000706800000, 0x0000000710e00000, 0x00000007acd00000)
  object space 169984K, 15% used [0x0000000706800000,0x0000000708246c88,0x0000000710e00000)
 PSPermGen       total 21504K, used 21329K [0x0000000701600000, 0x0000000702b00000, 0x0000000706800000)
  object space 21504K, 99% used [0x0000000701600000,0x0000000702ad4580,0x0000000702b00000)
GC Heap History (10 events):
Event: 11139,017 GC heap before
{Heap before GC invocations=163 (full 0):
 PSYoungGen      total 31744K, used 31555K [0x00000007acd00000, 0x00000007aee00000, 0x0000000800000000)
  eden space 29696K, 100% used [0x00000007acd00000,0x00000007aea00000,0x00000007aea00000)
  from space 2048K, 90% used [0x00000007aec00000,0x00000007aedd0d20,0x00000007aee00000)
  to   space 2048K, 0% used [0x00000007aea00000,0x00000007aea00000,0x00000007aec00000)
 ParOldGen       total 169984K, used 26524K [0x0000000706800000, 0x0000000710e00000, 0x00000007acd00000)
  object space 169984K, 15% used [0x0000000706800000,0x00000007081e73c0,0x0000000710e00000)
 PSPermGen       total 21504K, used 21320K [0x0000000701600000, 0x0000000702b00000, 0x0000000706800000)
  object space 21504K, 99% used [0x0000000701600000,0x0000000702ad2320,0x0000000702b00000)
Event: 11139,026 GC heap after
Heap after GC invocations=163 (full 0):
 PSYoungGen      total 31744K, used 1828K [0x00000007acd00000, 0x00000007aee00000, 0x0000000800000000)
  eden space 29696K, 0% used [0x00000007acd00000,0x00000007acd00000,0x00000007aea00000)
  from space 2048K, 89% used [0x00000007aea00000,0x00000007aebc9180,0x00000007aec00000)
  to   space 2048K, 0% used [0x00000007aec00000,0x00000007aec00000,0x00000007aee00000)
 ParOldGen       total 169984K, used 26540K [0x0000000706800000, 0x0000000710e00000, 0x00000007acd00000)
  object space 169984K, 15% used [0x0000000706800000,0x00000007081eb3c0,0x0000000710e00000)
 PSPermGen       total 21504K, used 21320K [0x0000000701600000, 0x0000000702b00000, 0x0000000706800000)
  object space 21504K, 99% used [0x0000000701600000,0x0000000702ad2320,0x0000000702b00000)
}
Event: 11157,037 GC heap before
{Heap before GC invocations=164 (full 0):
 PSYoungGen      total 31744K, used 31524K [0x00000007acd00000, 0x00000007aee00000, 0x0000000800000000)
  eden space 29696K, 100% used [0x00000007acd00000,0x00000007aea00000,0x00000007aea00000)
  from space 2048K, 89% used [0x00000007aea00000,0x00000007aebc9180,0x00000007aec00000)
  to   space 2048K, 0% used [0x00000007aec00000,0x00000007aec00000,0x00000007aee00000)
 ParOldGen       total 169984K, used 26540K [0x0000000706800000, 0x0000000710e00000, 0x00000007acd00000)
  object space 169984K, 15% used [0x0000000706800000,0x00000007081eb3c0,0x0000000710e00000)
 PSPermGen       total 21504K, used 21320K [0x0000000701600000, 0x0000000702b00000, 0x0000000706800000)
  object space 21504K, 99% used [0x0000000701600000,0x0000000702ad2320,0x0000000702b00000)
Event: 11157,042 GC heap after
Heap after GC invocations=164 (full 0):
 PSYoungGen      total 31744K, used 1843K [0x00000007acd00000, 0x00000007aee00000, 0x0000000800000000)
  eden space 29696K, 0% used [0x00000007acd00000,0x00000007acd00000,0x00000007aea00000)
  from space 2048K, 90% used [0x00000007aec00000,0x00000007aedccf50,0x00000007aee00000)
  to   space 2048K, 0% used [0x00000007aea00000,0x00000007aea00000,0x00000007aec00000)
 ParOldGen       total 169984K, used 26572K [0x0000000706800000, 0x0000000710e00000, 0x00000007acd00000)
  object space 169984K, 15% used [0x0000000706800000,0x00000007081f33c0,0x0000000710e00000)
 PSPermGen       total 21504K, used 21320K [0x0000000701600000, 0x0000000702b00000, 0x0000000706800000)
  object space 21504K, 99% used [0x0000000701600000,0x0000000702ad2320,0x0000000702b00000)
}
Event: 11174,943 GC heap before
{Heap before GC invocations=165 (full 0):
 PSYoungGen      total 31744K, used 31539K [0x00000007acd00000, 0x00000007aee00000, 0x0000000800000000)
  eden space 29696K, 100% used [0x00000007acd00000,0x00000007aea00000,0x00000007aea00000)
  from space 2048K, 90% used [0x00000007aec00000,0x00000007aedccf50,0x00000007aee00000)
  to   space 2048K, 0% used [0x00000007aea00000,0x00000007aea00000,0x00000007aec00000)
 ParOldGen       total 169984K, used 26572K [0x0000000706800000, 0x0000000710e00000, 0x00000007acd00000)
  object space 169984K, 15% used [0x0000000706800000,0x00000007081f33c0,0x0000000710e00000)
 PSPermGen       total 21504K, used 21320K [0x0000000701600000, 0x0000000702b00000, 0x0000000706800000)
  object space 21504K, 99% used [0x0000000701600000,0x0000000702ad2320,0x0000000702b00000)
Event: 11174,953 GC heap after
Heap after GC invocations=165 (full 0):
 PSYoungGen      total 31744K, used 1875K [0x00000007acd00000, 0x00000007aee00000, 0x0000000800000000)
  eden space 29696K, 0% used [0x00000007acd00000,0x00000007acd00000,0x00000007aea00000)
  from space 2048K, 91% used [0x00000007aea00000,0x00000007aebd4f50,0x00000007aec00000)
  to   space 2048K, 0% used [0x00000007aec00000,0x00000007aec00000,0x00000007aee00000)
 ParOldGen       total 169984K, used 26588K [0x0000000706800000, 0x0000000710e00000, 0x00000007acd00000)
  object space 169984K, 15% used [0x0000000706800000,0x00000007081f73c0,0x0000000710e00000)
 PSPermGen       total 21504K, used 21320K [0x0000000701600000, 0x0000000702b00000, 0x0000000706800000)
  object space 21504K, 99% used [0x0000000701600000,0x0000000702ad2320,0x0000000702b00000)
}
Event: 11192,944 GC heap before
{Heap before GC invocations=166 (full 0):
 PSYoungGen      total 31744K, used 31571K [0x00000007acd00000, 0x00000007aee00000, 0x0000000800000000)
  eden space 29696K, 100% used [0x00000007acd00000,0x00000007aea00000,0x00000007aea00000)
  from space 2048K, 91% used [0x00000007aea00000,0x00000007aebd4f50,0x00000007aec00000)
  to   space 2048K, 0% used [0x00000007aec00000,0x00000007aec00000,0x00000007aee00000)
 ParOldGen       total 169984K, used 26588K [0x0000000706800000, 0x0000000710e00000, 0x00000007acd00000)
  object space 169984K, 15% used [0x0000000706800000,0x00000007081f73c0,0x0000000710e00000)
 PSPermGen       total 21504K, used 21320K [0x0000000701600000, 0x0000000702b00000, 0x0000000706800000)
  object space 21504K, 99% used [0x0000000701600000,0x0000000702ad2320,0x0000000702b00000)
Event: 11192,954 GC heap after
Heap after GC invocations=166 (full 0):
 PSYoungGen      total 31744K, used 2024K [0x00000007acd00000, 0x00000007aee00000, 0x0000000800000000)
  eden space 29696K, 0% used [0x00000007acd00000,0x00000007acd00000,0x00000007aea00000)
  from space 2048K, 98% used [0x00000007aec00000,0x00000007aedfa300,0x00000007aee00000)
  to   space 2048K, 0% used [0x00000007aea00000,0x00000007aea00000,0x00000007aec00000)
 ParOldGen       total 169984K, used 26612K [0x0000000706800000, 0x0000000710e00000, 0x00000007acd00000)
  object space 169984K, 15% used [0x0000000706800000,0x00000007081fd3c0,0x0000000710e00000)
 PSPermGen       total 21504K, used 21320K [0x0000000701600000, 0x0000000702b00000, 0x0000000706800000)
  object space 21504K, 99% used [0x0000000701600000,0x0000000702ad2320,0x0000000702b00000)
}
Event: 11215,905 GC heap before
{Heap before GC invocations=167 (full 0):
 PSYoungGen      total 31744K, used 31720K [0x00000007acd00000, 0x00000007aee00000, 0x0000000800000000)
  eden space 29696K, 100% used [0x00000007acd00000,0x00000007aea00000,0x00000007aea00000)
  from space 2048K, 98% used [0x00000007aec00000,0x00000007aedfa300,0x00000007aee00000)
  to   space 2048K, 0% used [0x00000007aea00000,0x00000007aea00000,0x00000007aec00000)
 ParOldGen       total 169984K, used 26612K [0x0000000706800000, 0x0000000710e00000, 0x00000007acd00000)
  object space 169984K, 15% used [0x0000000706800000,0x00000007081fd3c0,0x0000000710e00000)
 PSPermGen       total 21504K, used 21320K [0x0000000701600000, 0x0000000702b00000, 0x0000000706800000)
  object space 21504K, 99% used [0x0000000701600000,0x0000000702ad2320,0x0000000702b00000)
Event: 11215,917 GC heap after
Heap after GC invocations=167 (full 0):
 PSYoungGen      total 31744K, used 2033K [0x00000007acd00000, 0x00000007aef00000, 0x0000000800000000)
  eden space 29696K, 0% used [0x00000007acd00000,0x00000007acd00000,0x00000007aea00000)
  from space 2048K, 99% used [0x00000007aea00000,0x00000007aebfc690,0x00000007aec00000)
  to   space 2560K, 0% used [0x00000007aec80000,0x00000007aec80000,0x00000007aef00000)
 ParOldGen       total 169984K, used 26907K [0x0000000706800000, 0x0000000710e00000, 0x00000007acd00000)
  object space 169984K, 15% used [0x0000000706800000,0x0000000708246c88,0x0000000710e00000)
 PSPermGen       total 21504K, used 21320K [0x0000000701600000, 0x0000000702b00000, 0x0000000706800000)
  object space 21504K, 99% used [0x0000000701600000,0x0000000702ad2320,0x0000000702b00000)
}

